
<2019-01-29 15:29:16><swsds><1063018676d><Info>HSM1(0)(.\sdf.c:3378)
<2019-01-29 15:29:16><swsds><1063018676d><Info>HSM2(0)(.\sdf.c:3378)
<2019-01-29 15:29:16><swsds><1063018676d><Info>SDIF_CreateSession->SessionID(1063021239)(.\sdf.c:3658)
<2019-01-29 15:29:16><swsds><1063018676d><Info>CreateServiceObject->nServerCount(1)(.\load.c:369)
<2019-01-29 15:29:16><swsds><1063018676d><Info>192.168.1.12(0)(.\sdf.c:3673)
<2019-01-29 15:29:16><swsds><1063018676d><Info>ConnectServer->return socketfd(352)(.\net.c:289)
<2019-01-29 15:29:16><swsds><1063018676d><Info>ReceiveResponse->SockID(352)(.\net.c:469)
<2019-01-29 15:29:16><swsds><1063018676d><Info>ReceiveResponse->TaskSN(0)(.\net.c:470)
<2019-01-29 15:29:16><swsds><1063018676d><Info>ReceiveResponse->ResParasLength(12)(.\net.c:471)
<2019-01-29 15:29:16><swsds><1063018676d><Info>ReceiveResponse->Timeout(1000)(.\net.c:472)
<2019-01-29 15:29:16><swsds><1063018676d><Info>ReceiveResponse->receive ResHeader(12)(.\net.c:500)
<2019-01-29 15:29:16><swsds><1063018676d><Info>ReceiveResponse->TotalLength(12)(.\net.c:527)
<2019-01-29 15:29:16><swsds><1063018676d><Info>ReceiveResponse->TaskSN(0)(.\net.c:528)
<2019-01-29 15:29:16><swsds><1063018676d><Info>HostLogin->Return(0)(.\net.c:342)
<2019-01-29 15:29:16><swsds><1063018676d><Info>SDIF_CreateSession->SockID(352)(.\sdf.c:3699)
<2019-01-29 15:29:16><swsds><1063018676d><Info>+++++++++++++++ BEGIN SESSION_HANDLE +++++++++++++++(55071280)(.\net.c:1007)
<2019-01-29 15:29:16><swsds><1063018676d><Info>hSessionHandle->SessionID(1063021239)(.\net.c:1008)
<2019-01-29 15:29:16><swsds><1063018676d><Info>hSessionHandle->Index(0)(.\net.c:1009)
<2019-01-29 15:29:16><swsds><1063018676d><Info>hSessionHandle->DeviceHandle(55062104)(.\net.c:1011)
<2019-01-29 15:29:16><swsds><1063018676d><Info>hSessionHandle->PoolLock(0)(.\net.c:1013)
<2019-01-29 15:29:16><swsds><1063018676d><Info>hSessionHandle->SocketID(352)(.\net.c:1016)
<2019-01-29 15:29:16><swsds><1063018676d><Info>hSessionHandle->HashID(0)(.\net.c:1020)
<2019-01-29 15:29:16><swsds><1063018676d><Info>+++++++++++++++ END SESSION_HANDLE +++++++++++++++(55071280)(.\net.c:1022)
<2019-01-29 15:29:16><swsds><1063018676d><Info>SDIF_InitConnectionPool->hSessionHandle->SessionID(1063021239)(.\sdf.c:3624)
<2019-01-29 15:29:16><swsds><1063018676d><Info>+++++++++++++++ BEGIN DEVICE_HANDLE +++++++++++++++(55062104)(.\net.c:1028)
<2019-01-29 15:29:16><swsds><1063018676d><Info>hDeviceHandle->ServerCount(1)(.\net.c:1029)
<2019-01-29 15:29:16><swsds><1063018676d><Info>hDeviceHandle->ServerInfo(0)(.\net.c:1032)
<2019-01-29 15:29:16><swsds><1063018676d><Info>192.168.1.12(8008)(.\net.c:1033)
<2019-01-29 15:29:16><swsds><1063018676d><Info>hDeviceHandle->ConnectTimeout(1000)(.\net.c:1035)
<2019-01-29 15:29:16><swsds><1063018676d><Info>hDeviceHandle->ServiceTimeout(1000)(.\net.c:1036)
<2019-01-29 15:29:16><swsds><1063018676d><Info>hDeviceHandle->ConnectPoolCount(1)(.\net.c:1037)
<2019-01-29 15:29:16><swsds><1063018676d><Info>hDeviceHandle->ConnectPoolHandle(55071280)(.\net.c:1040)
<2019-01-29 15:29:16><swsds><1063018676d><Info>hDeviceHandle->ConnectPoolMutex(55056040)(.\net.c:1043)
<2019-01-29 15:29:16><swsds><1063018676d><Info>+++++++++++++++ END DEVICE_HANDLE +++++++++++++++(55062104)(.\net.c:1051)
<2019-01-29 15:30:33><swsds><1452549560d><Info>HSM1(0)(.\sdf.c:3378)
<2019-01-29 15:30:33><swsds><1452549560d><Info>HSM2(0)(.\sdf.c:3378)
<2019-01-29 15:30:33><swsds><1452549560d><Info>SDIF_CreateSession->SessionID(1452550958)(.\sdf.c:3658)
<2019-01-29 15:30:33><swsds><1452549560d><Info>CreateServiceObject->nServerCount(1)(.\load.c:369)
<2019-01-29 15:30:33><swsds><1452549560d><Info>192.168.1.12(0)(.\sdf.c:3673)
<2019-01-29 15:30:33><swsds><1452549560d><Info>ConnectServer->return socketfd(356)(.\net.c:289)
<2019-01-29 15:30:33><swsds><1452549560d><Info>ReceiveResponse->SockID(356)(.\net.c:469)
<2019-01-29 15:30:33><swsds><1452549560d><Info>ReceiveResponse->TaskSN(0)(.\net.c:470)
<2019-01-29 15:30:33><swsds><1452549560d><Info>ReceiveResponse->ResParasLength(12)(.\net.c:471)
<2019-01-29 15:30:33><swsds><1452549560d><Info>ReceiveResponse->Timeout(1000)(.\net.c:472)
<2019-01-29 15:30:33><swsds><1452549560d><Info>ReceiveResponse->receive ResHeader(12)(.\net.c:500)
<2019-01-29 15:30:33><swsds><1452549560d><Info>ReceiveResponse->TotalLength(12)(.\net.c:527)
<2019-01-29 15:30:33><swsds><1452549560d><Info>ReceiveResponse->TaskSN(0)(.\net.c:528)
<2019-01-29 15:30:33><swsds><1452549560d><Info>HostLogin->Return(0)(.\net.c:342)
<2019-01-29 15:30:33><swsds><1452549560d><Info>SDIF_CreateSession->SockID(356)(.\sdf.c:3699)
<2019-01-29 15:30:33><swsds><1452549560d><Info>+++++++++++++++ BEGIN SESSION_HANDLE +++++++++++++++(55923248)(.\net.c:1007)
<2019-01-29 15:30:33><swsds><1452549560d><Info>hSessionHandle->SessionID(1452550958)(.\net.c:1008)
<2019-01-29 15:30:33><swsds><1452549560d><Info>hSessionHandle->Index(0)(.\net.c:1009)
<2019-01-29 15:30:33><swsds><1452549560d><Info>hSessionHandle->DeviceHandle(55914072)(.\net.c:1011)
<2019-01-29 15:30:33><swsds><1452549560d><Info>hSessionHandle->PoolLock(0)(.\net.c:1013)
<2019-01-29 15:30:33><swsds><1452549560d><Info>hSessionHandle->SocketID(356)(.\net.c:1016)
<2019-01-29 15:30:33><swsds><1452549560d><Info>hSessionHandle->HashID(0)(.\net.c:1020)
<2019-01-29 15:30:33><swsds><1452549560d><Info>+++++++++++++++ END SESSION_HANDLE +++++++++++++++(55923248)(.\net.c:1022)
<2019-01-29 15:30:33><swsds><1452549560d><Info>SDIF_InitConnectionPool->hSessionHandle->SessionID(1452550958)(.\sdf.c:3624)
<2019-01-29 15:30:33><swsds><1452549560d><Info>+++++++++++++++ BEGIN DEVICE_HANDLE +++++++++++++++(55914072)(.\net.c:1028)
<2019-01-29 15:30:33><swsds><1452549560d><Info>hDeviceHandle->ServerCount(1)(.\net.c:1029)
<2019-01-29 15:30:33><swsds><1452549560d><Info>hDeviceHandle->ServerInfo(0)(.\net.c:1032)
<2019-01-29 15:30:33><swsds><1452549560d><Info>192.168.1.12(8008)(.\net.c:1033)
<2019-01-29 15:30:33><swsds><1452549560d><Info>hDeviceHandle->ConnectTimeout(1000)(.\net.c:1035)
<2019-01-29 15:30:33><swsds><1452549560d><Info>hDeviceHandle->ServiceTimeout(1000)(.\net.c:1036)
<2019-01-29 15:30:33><swsds><1452549560d><Info>hDeviceHandle->ConnectPoolCount(1)(.\net.c:1037)
<2019-01-29 15:30:33><swsds><1452549560d><Info>hDeviceHandle->ConnectPoolHandle(55923248)(.\net.c:1040)
<2019-01-29 15:30:33><swsds><1452549560d><Info>hDeviceHandle->ConnectPoolMutex(55908008)(.\net.c:1043)
<2019-01-29 15:30:33><swsds><1452549560d><Info>+++++++++++++++ END DEVICE_HANDLE +++++++++++++++(55914072)(.\net.c:1051)
<2019-01-29 15:30:37><swsds><1452549792d><Info>SocketCommunication->TaskSN(805373302)(.\net.c:696)
<2019-01-29 15:30:37><swsds><1452549792d><Info>SocketCommunication->ServiceNo(0)(.\net.c:697)
<2019-01-29 15:30:37><swsds><1452549792d><Info>SendRequest->SockID(356)(.\net.c:407)
<2019-01-29 15:30:37><swsds><1452549792d><Info>SendRequest->TaskSN(805373302)(.\net.c:408)
<2019-01-29 15:30:37><swsds><1452549792d><Info>SendRequest->Command(131074)(.\net.c:409)
<2019-01-29 15:30:37><swsds><1452549792d><Info>SendRequest->ReqParasLength(4)(.\net.c:410)
<2019-01-29 15:30:37><swsds><1452549792d><Info>SendRequest->Timeout(500)(.\net.c:411)
<2019-01-29 15:30:37><swsds><1452549792d><Info>ReceiveResponse->SockID(356)(.\net.c:469)
<2019-01-29 15:30:37><swsds><1452549792d><Info>ReceiveResponse->TaskSN(805373302)(.\net.c:470)
<2019-01-29 15:30:37><swsds><1452549792d><Info>ReceiveResponse->ResParasLength(20)(.\net.c:471)
<2019-01-29 15:30:37><swsds><1452549792d><Info>ReceiveResponse->Timeout(500)(.\net.c:472)
<2019-01-29 15:30:37><swsds><1452549792d><Info>ReceiveResponse->receive ResHeader(12)(.\net.c:500)
<2019-01-29 15:30:37><swsds><1452549792d><Info>ReceiveResponse->TotalLength(32)(.\net.c:527)
<2019-01-29 15:30:37><swsds><1452549792d><Info>ReceiveResponse->TaskSN(805373302)(.\net.c:528)
<2019-01-29 15:30:37><swsds><1452549792d><Info>ReceiveResponse->receive ResParas(20)(.\net.c:595)
<2019-01-29 15:30:50><swsds><1452563584d><Info>SocketCommunication->TaskSN(788664901)(.\net.c:696)
<2019-01-29 15:30:50><swsds><1452563584d><Info>SocketCommunication->ServiceNo(0)(.\net.c:697)
<2019-01-29 15:30:50><swsds><1452563584d><Info>SendRequest->SockID(356)(.\net.c:407)
<2019-01-29 15:30:50><swsds><1452563584d><Info>SendRequest->TaskSN(788664901)(.\net.c:408)
<2019-01-29 15:30:50><swsds><1452563584d><Info>SendRequest->Command(262145)(.\net.c:409)
<2019-01-29 15:30:50><swsds><1452563584d><Info>SendRequest->ReqParasLength(8)(.\net.c:410)
<2019-01-29 15:30:50><swsds><1452563584d><Info>SendRequest->Timeout(500)(.\net.c:411)
<2019-01-29 15:30:50><swsds><1452563584d><Info>ReceiveResponse->SockID(356)(.\net.c:469)
<2019-01-29 15:30:50><swsds><1452563584d><Info>ReceiveResponse->TaskSN(788664901)(.\net.c:470)
<2019-01-29 15:30:50><swsds><1452563584d><Info>ReceiveResponse->ResParasLength(1032)(.\net.c:471)
<2019-01-29 15:30:50><swsds><1452563584d><Info>ReceiveResponse->Timeout(500)(.\net.c:472)
<2019-01-29 15:30:50><swsds><1452563584d><Info>ReceiveResponse->receive ResHeader(12)(.\net.c:500)
<2019-01-29 15:30:50><swsds><1452563584d><Info>ReceiveResponse->TotalLength(532)(.\net.c:527)
<2019-01-29 15:30:50><swsds><1452563584d><Info>ReceiveResponse->TaskSN(788664901)(.\net.c:528)
<2019-01-29 15:30:50><swsds><1452563584d><Info>ReceiveResponse->receive ResParas(520)(.\net.c:595)
<2019-01-29 17:55:43><swsds><1728603076d><Info>HSM1(0)(.\sdf.c:3378)
<2019-01-29 17:55:43><swsds><1728603076d><Info>HSM2(0)(.\sdf.c:3378)
<2019-01-29 17:55:43><swsds><1728603076d><Info>SDIF_CreateSession->SessionID(1728604575)(.\sdf.c:3658)
<2019-01-29 17:55:43><swsds><1728603076d><Info>CreateServiceObject->nServerCount(1)(.\load.c:369)
<2019-01-29 17:55:43><swsds><1728603076d><Info>192.168.1.12(0)(.\sdf.c:3673)
<2019-01-29 17:55:43><swsds><1728603076d><Info>ConnectServer->return socketfd(352)(.\net.c:289)
<2019-01-29 17:55:43><swsds><1728603076d><Info>ReceiveResponse->SockID(352)(.\net.c:469)
<2019-01-29 17:55:43><swsds><1728603076d><Info>ReceiveResponse->TaskSN(0)(.\net.c:470)
<2019-01-29 17:55:43><swsds><1728603076d><Info>ReceiveResponse->ResParasLength(12)(.\net.c:471)
<2019-01-29 17:55:43><swsds><1728603076d><Info>ReceiveResponse->Timeout(1000)(.\net.c:472)
<2019-01-29 17:55:43><swsds><1728603076d><Info>ReceiveResponse->receive ResHeader(12)(.\net.c:500)
<2019-01-29 17:55:43><swsds><1728603076d><Info>ReceiveResponse->TotalLength(12)(.\net.c:527)
<2019-01-29 17:55:43><swsds><1728603076d><Info>ReceiveResponse->TaskSN(0)(.\net.c:528)
<2019-01-29 17:55:43><swsds><1728603076d><Info>HostLogin->Return(0)(.\net.c:342)
<2019-01-29 17:55:43><swsds><1728603076d><Info>SDIF_CreateSession->SockID(352)(.\sdf.c:3699)
<2019-01-29 17:55:43><swsds><1728603076d><Info>+++++++++++++++ BEGIN SESSION_HANDLE +++++++++++++++(55202352)(.\net.c:1007)
<2019-01-29 17:55:43><swsds><1728603076d><Info>hSessionHandle->SessionID(1728604575)(.\net.c:1008)
<2019-01-29 17:55:43><swsds><1728603076d><Info>hSessionHandle->Index(0)(.\net.c:1009)
<2019-01-29 17:55:43><swsds><1728603076d><Info>hSessionHandle->DeviceHandle(55193176)(.\net.c:1011)
<2019-01-29 17:55:43><swsds><1728603076d><Info>hSessionHandle->PoolLock(0)(.\net.c:1013)
<2019-01-29 17:55:43><swsds><1728603076d><Info>hSessionHandle->SocketID(352)(.\net.c:1016)
<2019-01-29 17:55:43><swsds><1728603076d><Info>hSessionHandle->HashID(0)(.\net.c:1020)
<2019-01-29 17:55:43><swsds><1728603076d><Info>+++++++++++++++ END SESSION_HANDLE +++++++++++++++(55202352)(.\net.c:1022)
<2019-01-29 17:55:43><swsds><1728603076d><Info>SDIF_InitConnectionPool->hSessionHandle->SessionID(1728604575)(.\sdf.c:3624)
<2019-01-29 17:55:43><swsds><1728603076d><Info>+++++++++++++++ BEGIN DEVICE_HANDLE +++++++++++++++(55193176)(.\net.c:1028)
<2019-01-29 17:55:43><swsds><1728603076d><Info>hDeviceHandle->ServerCount(1)(.\net.c:1029)
<2019-01-29 17:55:43><swsds><1728603076d><Info>hDeviceHandle->ServerInfo(0)(.\net.c:1032)
<2019-01-29 17:55:43><swsds><1728603076d><Info>192.168.1.12(8008)(.\net.c:1033)
<2019-01-29 17:55:43><swsds><1728603076d><Info>hDeviceHandle->ConnectTimeout(1000)(.\net.c:1035)
<2019-01-29 17:55:43><swsds><1728603076d><Info>hDeviceHandle->ServiceTimeout(1000)(.\net.c:1036)
<2019-01-29 17:55:43><swsds><1728603076d><Info>hDeviceHandle->ConnectPoolCount(1)(.\net.c:1037)
<2019-01-29 17:55:43><swsds><1728603076d><Info>hDeviceHandle->ConnectPoolHandle(55202352)(.\net.c:1040)
<2019-01-29 17:55:43><swsds><1728603076d><Info>hDeviceHandle->ConnectPoolMutex(55187112)(.\net.c:1043)
<2019-01-29 17:55:43><swsds><1728603076d><Info>+++++++++++++++ END DEVICE_HANDLE +++++++++++++++(55193176)(.\net.c:1051)
<2019-01-29 17:56:09><swsds><1728593976d><Info>SDF_OpenDeviceWithPath->Cfg file in current path(0)(.\sdf.c:228)
<2019-01-29 17:56:09><swsds><1728593976d><Info>HSM1(0)(.\sdf.c:3378)
<2019-01-29 17:56:09><swsds><1728593976d><Info>HSM2(0)(.\sdf.c:3378)
<2019-01-29 17:56:09><swsds><1728593976d><Info>SDIF_CreateSession->SessionID(1728621297)(.\sdf.c:3658)
<2019-01-29 17:56:09><swsds><1728593976d><Info>CreateServiceObject->nServerCount(1)(.\load.c:369)
<2019-01-29 17:56:09><swsds><1728593976d><Info>192.168.1.12(0)(.\sdf.c:3673)
<2019-01-29 17:56:09><swsds><1728593976d><Info>ConnectServer->return socketfd(372)(.\net.c:289)
<2019-01-29 17:56:09><swsds><1728593976d><Info>ReceiveResponse->SockID(372)(.\net.c:469)
<2019-01-29 17:56:09><swsds><1728593976d><Info>ReceiveResponse->TaskSN(0)(.\net.c:470)
<2019-01-29 17:56:09><swsds><1728593976d><Info>ReceiveResponse->ResParasLength(12)(.\net.c:471)
<2019-01-29 17:56:09><swsds><1728593976d><Info>ReceiveResponse->Timeout(1000)(.\net.c:472)
<2019-01-29 17:56:09><swsds><1728593976d><Info>ReceiveResponse->receive ResHeader(12)(.\net.c:500)
<2019-01-29 17:56:09><swsds><1728593976d><Info>ReceiveResponse->TotalLength(12)(.\net.c:527)
<2019-01-29 17:56:09><swsds><1728593976d><Info>ReceiveResponse->TaskSN(0)(.\net.c:528)
<2019-01-29 17:56:09><swsds><1728593976d><Info>HostLogin->Return(0)(.\net.c:342)
<2019-01-29 17:56:09><swsds><1728593976d><Info>SDIF_CreateSession->SockID(372)(.\sdf.c:3699)
<2019-01-29 17:56:09><swsds><1728593976d><Info>+++++++++++++++ BEGIN SESSION_HANDLE +++++++++++++++(55211752)(.\net.c:1007)
<2019-01-29 17:56:09><swsds><1728593976d><Info>hSessionHandle->SessionID(1728621297)(.\net.c:1008)
<2019-01-29 17:56:09><swsds><1728593976d><Info>hSessionHandle->Index(0)(.\net.c:1009)
<2019-01-29 17:56:09><swsds><1728593976d><Info>hSessionHandle->DeviceHandle(55202560)(.\net.c:1011)
<2019-01-29 17:56:09><swsds><1728593976d><Info>hSessionHandle->PoolLock(0)(.\net.c:1013)
<2019-01-29 17:56:09><swsds><1728593976d><Info>hSessionHandle->SocketID(372)(.\net.c:1016)
<2019-01-29 17:56:09><swsds><1728593976d><Info>hSessionHandle->HashID(0)(.\net.c:1020)
<2019-01-29 17:56:09><swsds><1728593976d><Info>+++++++++++++++ END SESSION_HANDLE +++++++++++++++(55211752)(.\net.c:1022)
<2019-01-29 17:56:09><swsds><1728593976d><Info>SDIF_InitConnectionPool->hSessionHandle->SessionID(1728621297)(.\sdf.c:3624)
<2019-01-29 17:56:09><swsds><1728593976d><Info>+++++++++++++++ BEGIN DEVICE_HANDLE +++++++++++++++(55202560)(.\net.c:1028)
<2019-01-29 17:56:09><swsds><1728593976d><Info>hDeviceHandle->ServerCount(1)(.\net.c:1029)
<2019-01-29 17:56:09><swsds><1728593976d><Info>hDeviceHandle->ServerInfo(0)(.\net.c:1032)
<2019-01-29 17:56:09><swsds><1728593976d><Info>192.168.1.12(8008)(.\net.c:1033)
<2019-01-29 17:56:09><swsds><1728593976d><Info>hDeviceHandle->ConnectTimeout(1000)(.\net.c:1035)
<2019-01-29 17:56:09><swsds><1728593976d><Info>hDeviceHandle->ServiceTimeout(1000)(.\net.c:1036)
<2019-01-29 17:56:09><swsds><1728593976d><Info>hDeviceHandle->ConnectPoolCount(1)(.\net.c:1037)
<2019-01-29 17:56:09><swsds><1728593976d><Info>hDeviceHandle->ConnectPoolHandle(55211752)(.\net.c:1040)
<2019-01-29 17:56:09><swsds><1728593976d><Info>hDeviceHandle->ConnectPoolMutex(55211736)(.\net.c:1043)
<2019-01-29 17:56:09><swsds><1728593976d><Info>+++++++++++++++ END DEVICE_HANDLE +++++++++++++++(55202560)(.\net.c:1051)
<2019-01-29 17:56:40><swsds><1728604156d><Info>SDF_OpenDeviceWithPath->Cfg file in current path(0)(.\sdf.c:228)
<2019-01-29 17:56:40><swsds><1728604156d><Info>HSM1(0)(.\sdf.c:3378)
<2019-01-29 17:56:40><swsds><1728604156d><Info>HSM2(0)(.\sdf.c:3378)
<2019-01-29 17:56:40><swsds><1728604156d><Info>SDIF_CreateSession->SessionID(1728662651)(.\sdf.c:3658)
<2019-01-29 17:56:40><swsds><1728604156d><Info>CreateServiceObject->nServerCount(1)(.\load.c:369)
<2019-01-29 17:56:40><swsds><1728604156d><Info>192.168.1.12(0)(.\sdf.c:3673)
<2019-01-29 17:56:40><swsds><1728604156d><Info>ConnectServer->return socketfd(392)(.\net.c:289)
<2019-01-29 17:56:40><swsds><1728604156d><Info>ReceiveResponse->SockID(392)(.\net.c:469)
<2019-01-29 17:56:40><swsds><1728604156d><Info>ReceiveResponse->TaskSN(0)(.\net.c:470)
<2019-01-29 17:56:40><swsds><1728604156d><Info>ReceiveResponse->ResParasLength(12)(.\net.c:471)
<2019-01-29 17:56:40><swsds><1728604156d><Info>ReceiveResponse->Timeout(1000)(.\net.c:472)
<2019-01-29 17:56:40><swsds><1728604156d><Info>ReceiveResponse->receive ResHeader(12)(.\net.c:500)
<2019-01-29 17:56:40><swsds><1728604156d><Info>ReceiveResponse->TotalLength(12)(.\net.c:527)
<2019-01-29 17:56:40><swsds><1728604156d><Info>ReceiveResponse->TaskSN(0)(.\net.c:528)
<2019-01-29 17:56:40><swsds><1728604156d><Info>HostLogin->Return(0)(.\net.c:342)
<2019-01-29 17:56:40><swsds><1728604156d><Info>SDIF_CreateSession->SockID(392)(.\sdf.c:3699)
<2019-01-29 17:56:40><swsds><1728604156d><Info>+++++++++++++++ BEGIN SESSION_HANDLE +++++++++++++++(55221152)(.\net.c:1007)
<2019-01-29 17:56:40><swsds><1728604156d><Info>hSessionHandle->SessionID(1728662651)(.\net.c:1008)
<2019-01-29 17:56:40><swsds><1728604156d><Info>hSessionHandle->Index(0)(.\net.c:1009)
<2019-01-29 17:56:40><swsds><1728604156d><Info>hSessionHandle->DeviceHandle(55211960)(.\net.c:1011)
<2019-01-29 17:56:40><swsds><1728604156d><Info>hSessionHandle->PoolLock(0)(.\net.c:1013)
<2019-01-29 17:56:40><swsds><1728604156d><Info>hSessionHandle->SocketID(392)(.\net.c:1016)
<2019-01-29 17:56:40><swsds><1728604156d><Info>hSessionHandle->HashID(0)(.\net.c:1020)
<2019-01-29 17:56:40><swsds><1728604156d><Info>+++++++++++++++ END SESSION_HANDLE +++++++++++++++(55221152)(.\net.c:1022)
<2019-01-29 17:56:40><swsds><1728604156d><Info>SDIF_InitConnectionPool->hSessionHandle->SessionID(1728662651)(.\sdf.c:3624)
<2019-01-29 17:56:40><swsds><1728604156d><Info>+++++++++++++++ BEGIN DEVICE_HANDLE +++++++++++++++(55211960)(.\net.c:1028)
<2019-01-29 17:56:40><swsds><1728604156d><Info>hDeviceHandle->ServerCount(1)(.\net.c:1029)
<2019-01-29 17:56:40><swsds><1728604156d><Info>hDeviceHandle->ServerInfo(0)(.\net.c:1032)
<2019-01-29 17:56:40><swsds><1728604156d><Info>192.168.1.12(8008)(.\net.c:1033)
<2019-01-29 17:56:40><swsds><1728604156d><Info>hDeviceHandle->ConnectTimeout(1000)(.\net.c:1035)
<2019-01-29 17:56:40><swsds><1728604156d><Info>hDeviceHandle->ServiceTimeout(1000)(.\net.c:1036)
<2019-01-29 17:56:40><swsds><1728604156d><Info>hDeviceHandle->ConnectPoolCount(1)(.\net.c:1037)
<2019-01-29 17:56:40><swsds><1728604156d><Info>hDeviceHandle->ConnectPoolHandle(55221152)(.\net.c:1040)
<2019-01-29 17:56:40><swsds><1728604156d><Info>hDeviceHandle->ConnectPoolMutex(55221136)(.\net.c:1043)
<2019-01-29 17:56:40><swsds><1728604156d><Info>+++++++++++++++ END DEVICE_HANDLE +++++++++++++++(55211960)(.\net.c:1051)